<?xml version="1.0" encoding="UTF-8"?>
<!-- Generated by org.testng.reporters.JUnitReportReporter -->
<testsuite hostname="Sameers-MacBook-Pro.local" failures="0" tests="1" name="runner.EndToEndRunner" time="123.365" errors="0" timestamp="2024-10-15T12:27:08 IST" skipped="0">
  <testcase classname="runner.EndToEndRunner" name="runScenario" time="123.365"/>
  <system-out/>
</testsuite> <!-- runner.EndToEndRunner -->
