<?xml version="1.0" encoding="UTF-8"?>
<!-- Generated by org.testng.reporters.JUnitReportReporter -->
<testsuite hostname="Sameers-MacBook-Pro.local" failures="0" tests="2" name="runner.TestRunner" time="59.987" errors="0" timestamp="2024-10-07T14:06:49 IST" skipped="0">
  <testcase classname="runner.TestRunner" name="runScenario" time="21.794"/>
  <system-out/>
  <testcase classname="runner.TestRunner" name="runScenario" time="38.193"/>
  <system-out/>
</testsuite> <!-- runner.TestRunner -->
