<?xml version="1.0" encoding="UTF-8"?>
<!-- Generated by org.testng.reporters.JUnitReportReporter -->
<testsuite hostname="Sameers-MacBook-Pro.local" failures="0" tests="2" name="runner.TestRunner" time="140.350" errors="0" timestamp="2024-10-04T18:15:04 IST" skipped="0">
  <testcase classname="runner.TestRunner" name="runScenario" time="79.664"/>
  <system-out/>
  <testcase classname="runner.TestRunner" name="runScenario" time="60.686"/>
  <system-out/>
</testsuite> <!-- runner.TestRunner -->
