<?xml version="1.0" encoding="UTF-8"?>
<!-- Generated by org.testng.reporters.JUnitReportReporter -->
<testsuite hostname="Sameers-MacBook-Pro.local" failures="0" tests="3" name="runner.EndToEndRunner" time="189.022" errors="0" timestamp="2024-10-22T11:22:36 IST" skipped="0">
  <testcase classname="runner.EndToEndRunner" name="runScenario" time="42.414"/>
  <system-out/>
  <testcase classname="runner.EndToEndRunner" name="runScenario" time="71.792"/>
  <system-out/>
  <testcase classname="runner.EndToEndRunner" name="runScenario" time="74.816"/>
  <system-out/>
</testsuite> <!-- runner.EndToEndRunner -->
