<?xml version="1.0" encoding="UTF-8"?>
<!-- Generated by org.testng.reporters.JUnitReportReporter -->
<testsuite hostname="Sameers-MacBook-Pro.local" failures="0" tests="1" name="runner.TestRunner" time="52.263" errors="0" timestamp="2024-10-04T12:48:36 IST" skipped="0">
  <testcase classname="runner.TestRunner" name="runScenario" time="52.263"/>
  <system-out/>
</testsuite> <!-- runner.TestRunner -->
