<?xml version="1.0" encoding="UTF-8"?>
<!-- Generated by org.testng.reporters.JUnitReportReporter -->
<testsuite hostname="sam.local" failures="0" tests="3" name="runner.EndToEndRunner" time="234.223" errors="0" timestamp="2024-11-11T16:34:01 IST" skipped="0">
  <testcase classname="runner.EndToEndRunner" name="runScenario" time="37.246"/>
  <system-out/>
  <testcase classname="runner.EndToEndRunner" name="runScenario" time="74.416"/>
  <system-out/>
  <testcase classname="runner.EndToEndRunner" name="runScenario" time="122.561"/>
  <system-out/>
</testsuite> <!-- runner.EndToEndRunner -->
