<?xml version="1.0" encoding="UTF-8"?>
<!-- Generated by org.testng.reporters.JUnitReportReporter -->
<testsuite hostname="Sameers-MacBook-Pro.local" failures="0" tests="1" name="runner.TestRunner" time="61.232" errors="1" timestamp="2024-10-03T12:30:33 IST" skipped="0">
  <testcase classname="runner.TestRunner" name="runScenario" time="61.232">
    <error message="no such element: Unable to locate element: {&quot;method&quot;:&quot;xpath&quot;,&quot;selector&quot;:&quot;//span[text()=&#039;Dashboard&#039;]&quot;}
  (Session info: chrome=129.0.6668.71)
For documentation on this error, please visit: https://www.selenium.dev/documentation/webdriver/troubleshooting/errors#no-such-element-exception
Build info: version: &#039;4.18.1&#039;, revision: &#039;b1d3319b48&#039;
System info: os.name: &#039;Mac OS X&#039;, os.arch: &#039;x86_64&#039;, os.version: &#039;13.5&#039;, java.version: &#039;23&#039;
Driver info: org.openqa.selenium.chrome.ChromeDriver
Command: [aa12bc1743ca9b6862ce46a762406ca8, findElement {using=xpath, value=//span[text()=&#039;Dashboard&#039;]}]
Capabilities {acceptInsecureCerts: false, browserName: chrome, browserVersion: 129.0.6668.71, chrome: {chromedriverVersion: 129.0.6668.89 (951c0b97221f..., userDataDir: /var/folders/24/tl2x45g17q3...}, fedcm:accounts: true, goog:chromeOptions: {debuggerAddress: localhost:50178}, networkConnectionEnabled: false, pageLoadStrategy: normal, platformName: mac, proxy: Proxy(), se:cdp: ws://localhost:50178/devtoo..., se:cdpVersion: 129.0.6668.71, setWindowRect: true, strictFileInteractability: false, timeouts: {implicit: 0, pageLoad: 300000, script: 30000}, unhandledPromptBehavior: dismiss and notify, webauthn:extension:credBlob: true, webauthn:extension:largeBlob: true, webauthn:extension:minPinLength: true, webauthn:extension:prf: true, webauthn:virtualAuthenticators: true}
Session ID: aa12bc1743ca9b6862ce46a762406ca8" type="org.openqa.selenium.NoSuchElementException">
      <![CDATA[org.openqa.selenium.NoSuchElementException: no such element: Unable to locate element: {"method":"xpath","selector":"//span[text()='Dashboard']"}
  (Session info: chrome=129.0.6668.71)
For documentation on this error, please visit: https://www.selenium.dev/documentation/webdriver/troubleshooting/errors#no-such-element-exception
Build info: version: '4.18.1', revision: 'b1d3319b48'
System info: os.name: 'Mac OS X', os.arch: 'x86_64', os.version: '13.5', java.version: '23'
Driver info: org.openqa.selenium.chrome.ChromeDriver
Command: [aa12bc1743ca9b6862ce46a762406ca8, findElement {using=xpath, value=//span[text()='Dashboard']}]
Capabilities {acceptInsecureCerts: false, browserName: chrome, browserVersion: 129.0.6668.71, chrome: {chromedriverVersion: 129.0.6668.89 (951c0b97221f..., userDataDir: /var/folders/24/tl2x45g17q3...}, fedcm:accounts: true, goog:chromeOptions: {debuggerAddress: localhost:50178}, networkConnectionEnabled: false, pageLoadStrategy: normal, platformName: mac, proxy: Proxy(), se:cdp: ws://localhost:50178/devtoo..., se:cdpVersion: 129.0.6668.71, setWindowRect: true, strictFileInteractability: false, timeouts: {implicit: 0, pageLoad: 300000, script: 30000}, unhandledPromptBehavior: dismiss and notify, webauthn:extension:credBlob: true, webauthn:extension:largeBlob: true, webauthn:extension:minPinLength: true, webauthn:extension:prf: true, webauthn:virtualAuthenticators: true}
Session ID: aa12bc1743ca9b6862ce46a762406ca8
at java.base/jdk.internal.reflect.DirectConstructorHandleAccessor.newInstance(DirectConstructorHandleAccessor.java:62)
at java.base/java.lang.reflect.Constructor.newInstanceWithCaller(Constructor.java:501)
at java.base/java.lang.reflect.Constructor.newInstance(Constructor.java:485)
at org.openqa.selenium.remote.ErrorCodec.decode(ErrorCodec.java:167)
at org.openqa.selenium.remote.codec.w3c.W3CHttpResponseCodec.decode(W3CHttpResponseCodec.java:138)
at org.openqa.selenium.remote.codec.w3c.W3CHttpResponseCodec.decode(W3CHttpResponseCodec.java:50)
at org.openqa.selenium.remote.HttpCommandExecutor.execute(HttpCommandExecutor.java:190)
at org.openqa.selenium.remote.service.DriverCommandExecutor.invokeExecute(DriverCommandExecutor.java:216)
at org.openqa.selenium.remote.service.DriverCommandExecutor.execute(DriverCommandExecutor.java:174)
at org.openqa.selenium.remote.RemoteWebDriver.execute(RemoteWebDriver.java:519)
at org.openqa.selenium.remote.ElementLocation$ElementFinder$2.findElement(ElementLocation.java:165)
at org.openqa.selenium.remote.ElementLocation.findElement(ElementLocation.java:59)
at org.openqa.selenium.remote.RemoteWebDriver.findElement(RemoteWebDriver.java:356)
at org.openqa.selenium.remote.RemoteWebDriver.findElement(RemoteWebDriver.java:350)
at org.openqa.selenium.support.pagefactory.DefaultElementLocator.findElement(DefaultElementLocator.java:68)
at org.openqa.selenium.support.pagefactory.internal.LocatingElementHandler.invoke(LocatingElementHandler.java:38)
at jdk.proxy2/jdk.proxy2.$Proxy26.getText(Unknown Source)
at objectRepo.LoginPage.verifyHomePage(LoginPage.java:42)
at stepDefinitions.TestSteps.user_enters_HomePage(TestSteps.java:83)
at âœ½.user enters HomePage(file:///Users/sameermehta/eclipse-workspace/FabFunnel13/src/main/resource/featuresRepo/test.feature:8)
]]>
    </error>
  </testcase> <!-- runScenario -->
  <system-out/>
</testsuite> <!-- runner.TestRunner -->
