<?xml version="1.0" encoding="UTF-8"?>
<!-- Generated by org.testng.reporters.JUnitReportReporter -->
<testsuite hostname="sam.local" failures="0" tests="3" name="runner.EndToEndRunner" time="235.090" errors="0" timestamp="2024-11-07T10:57:29 IST" skipped="0">
  <testcase classname="runner.EndToEndRunner" name="runScenario" time="121.843"/>
  <system-out/>
  <testcase classname="runner.EndToEndRunner" name="runScenario" time="74.606"/>
  <system-out/>
  <testcase classname="runner.EndToEndRunner" name="runScenario" time="38.641"/>
  <system-out/>
</testsuite> <!-- runner.EndToEndRunner -->
